0 info it worked if it ends with ok
1 verbose cli [ '/usr/bin/node', '/usr/bin/npm', 'run', 'start-product' ]
2 info using npm@3.5.2
3 info using node@v8.10.0
4 verbose run-script [ 'prestart-product', 'start-product', 'poststart-product' ]
5 info lifecycle generic-product-statics@1.0.0~prestart-product: generic-product-statics@1.0.0
6 silly lifecycle generic-product-statics@1.0.0~prestart-product: no script for prestart-product, continuing
7 info lifecycle generic-product-statics@1.0.0~start-product: generic-product-statics@1.0.0
8 verbose lifecycle generic-product-statics@1.0.0~start-product: unsafe-perm in lifecycle true
9 verbose lifecycle generic-product-statics@1.0.0~start-product: PATH: /usr/share/npm/bin/node-gyp-bin:/var/www/html/generic-product-statics/app/node_modules/.bin:/usr/local/sbin:/usr/local/bin:/usr/sbin:/usr/bin:/sbin:/bin:/usr/games:/usr/local/games:/snap/bin
10 verbose lifecycle generic-product-statics@1.0.0~start-product: CWD: /var/www/html/generic-product-statics/app
11 silly lifecycle generic-product-statics@1.0.0~start-product: Args: [ '-c',
11 silly lifecycle   'npm run clone-core-framework && npm run start-core-framework && npm run symlink-core-framework && npm run clone-core-components && cd app/ && gulp build --env=prod' ]
12 silly lifecycle generic-product-statics@1.0.0~start-product: Returned: code: 1  signal: null
13 info lifecycle generic-product-statics@1.0.0~start-product: Failed to exec start-product script
14 verbose stack Error: generic-product-statics@1.0.0 start-product: `npm run clone-core-framework && npm run start-core-framework && npm run symlink-core-framework && npm run clone-core-components && cd app/ && gulp build --env=prod`
14 verbose stack Exit status 1
14 verbose stack     at EventEmitter.<anonymous> (/usr/share/npm/lib/utils/lifecycle.js:232:16)
14 verbose stack     at emitTwo (events.js:126:13)
14 verbose stack     at EventEmitter.emit (events.js:214:7)
14 verbose stack     at ChildProcess.<anonymous> (/usr/share/npm/lib/utils/spawn.js:24:14)
14 verbose stack     at emitTwo (events.js:126:13)
14 verbose stack     at ChildProcess.emit (events.js:214:7)
14 verbose stack     at maybeClose (internal/child_process.js:925:16)
14 verbose stack     at Process.ChildProcess._handle.onexit (internal/child_process.js:209:5)
15 verbose pkgid generic-product-statics@1.0.0
16 verbose cwd /var/www/html/generic-product-statics/app
17 error Linux 4.15.0-47-generic
18 error argv "/usr/bin/node" "/usr/bin/npm" "run" "start-product"
19 error node v8.10.0
20 error npm  v3.5.2
21 error code ELIFECYCLE
22 error generic-product-statics@1.0.0 start-product: `npm run clone-core-framework && npm run start-core-framework && npm run symlink-core-framework && npm run clone-core-components && cd app/ && gulp build --env=prod`
22 error Exit status 1
23 error Failed at the generic-product-statics@1.0.0 start-product script 'npm run clone-core-framework && npm run start-core-framework && npm run symlink-core-framework && npm run clone-core-components && cd app/ && gulp build --env=prod'.
23 error Make sure you have the latest version of node.js and npm installed.
23 error If you do, this is most likely a problem with the generic-product-statics package,
23 error not with npm itself.
23 error Tell the author that this fails on your system:
23 error     npm run clone-core-framework && npm run start-core-framework && npm run symlink-core-framework && npm run clone-core-components && cd app/ && gulp build --env=prod
23 error You can get information on how to open an issue for this project with:
23 error     npm bugs generic-product-statics
23 error Or if that isn't available, you can get their info via:
23 error     npm owner ls generic-product-statics
23 error There is likely additional logging output above.
24 verbose exit [ 1, true ]
